{"level":"info","message":"Server listening on port 4000","timestamp":"2026-03-06T20:09:25.254Z"}
{"level":"info","message":"Invoice scheduler started (runs daily at midnight)","timestamp":"2026-03-06T20:09:25.387Z"}
{"level":"info","message":"Server listening on port 4000","timestamp":"2026-03-06T20:09:54.185Z"}
{"level":"info","message":"Invoice scheduler started (runs daily at midnight)","timestamp":"2026-03-06T20:09:54.492Z"}
{"level":"info","message":"Server listening on port 4000","timestamp":"2026-03-06T20:10:21.734Z"}
{"level":"info","message":"Invoice scheduler started (runs daily at midnight)","timestamp":"2026-03-06T20:10:21.782Z"}
{"level":"info","message":"Server listening on port 4000","timestamp":"2026-03-07T08:33:28.884Z"}
{"level":"info","message":"Invoice scheduler started (runs daily at midnight)","timestamp":"2026-03-07T08:33:29.005Z"}
{"dbName":"SaaS","level":"info","message":"Connected to MongoDB","timestamp":"2026-03-23T14:33:08.026Z"}
{"level":"info","message":"Server listening on port 4001","timestamp":"2026-03-23T14:33:08.041Z"}
{"level":"info","message":"Invoice scheduler started (leader-locked, queues reminder jobs daily at midnight)","timestamp":"2026-03-23T14:33:08.071Z"}
{"error":"","level":"error","message":"Redis client error","timestamp":"2026-03-23T14:33:08.079Z"}
{"level":"warn","message":"Redis client reconnecting","timestamp":"2026-03-23T14:33:08.189Z"}
{"error":"","level":"error","message":"Redis client error","timestamp":"2026-03-23T14:33:08.192Z"}
{"level":"warn","message":"Redis client reconnecting","timestamp":"2026-03-23T14:33:08.393Z"}
{"error":"","level":"error","message":"Redis client error","timestamp":"2026-03-23T14:33:08.395Z"}
{"level":"warn","message":"Redis client reconnecting","timestamp":"2026-03-23T14:33:08.797Z"}
{"error":"","level":"error","message":"Redis client error","timestamp":"2026-03-23T14:33:08.800Z"}
{"level":"warn","message":"Redis client reconnecting","timestamp":"2026-03-23T14:33:09.608Z"}
{"error":"","level":"error","message":"Redis client error","timestamp":"2026-03-23T14:33:09.611Z"}
{"level":"warn","message":"Redis client reconnecting","timestamp":"2026-03-23T14:33:11.224Z"}
{"error":"","level":"error","message":"Redis client error","timestamp":"2026-03-23T14:33:11.226Z"}
{"level":"warn","message":"Redis client reconnecting","timestamp":"2026-03-23T14:33:14.436Z"}
{"error":"","level":"error","message":"Redis client error","timestamp":"2026-03-23T14:33:14.438Z"}
{"level":"warn","message":"Redis client reconnecting","timestamp":"2026-03-23T14:33:19.446Z"}
{"error":"","level":"error","message":"Redis client error","timestamp":"2026-03-23T14:33:19.449Z"}
{"level":"warn","message":"Redis client reconnecting","timestamp":"2026-03-23T14:33:24.461Z"}
{"error":"","level":"error","message":"Redis client error","timestamp":"2026-03-23T14:33:24.463Z"}
{"level":"warn","message":"Redis client reconnecting","timestamp":"2026-03-23T14:33:29.469Z"}
{"error":"","level":"error","message":"Redis client error","timestamp":"2026-03-23T14:33:29.472Z"}
{"level":"warn","message":"Redis client reconnecting","timestamp":"2026-03-23T14:33:34.482Z"}
{"error":"","level":"error","message":"Redis client error","timestamp":"2026-03-23T14:33:34.486Z"}
{"level":"warn","message":"Redis client reconnecting","timestamp":"2026-03-23T14:33:39.492Z"}
{"error":"","level":"error","message":"Redis client error","timestamp":"2026-03-23T14:33:39.496Z"}
{"level":"warn","message":"Redis client reconnecting","timestamp":"2026-03-23T14:33:44.512Z"}
{"error":"","level":"error","message":"Redis client error","timestamp":"2026-03-23T14:33:44.514Z"}
{"level":"warn","message":"Redis client reconnecting","timestamp":"2026-03-23T14:33:49.522Z"}
{"error":"","level":"error","message":"Redis client error","timestamp":"2026-03-23T14:33:49.525Z"}
{"level":"warn","message":"Redis client reconnecting","timestamp":"2026-03-23T14:33:54.540Z"}
{"error":"","level":"error","message":"Redis client error","timestamp":"2026-03-23T14:33:54.544Z"}
{"level":"warn","message":"Redis client reconnecting","timestamp":"2026-03-23T14:33:59.551Z"}
{"error":"","level":"error","message":"Redis client error","timestamp":"2026-03-23T14:33:59.554Z"}
{"level":"warn","message":"Redis client reconnecting","timestamp":"2026-03-23T14:34:04.565Z"}
{"error":"","level":"error","message":"Redis client error","timestamp":"2026-03-23T14:34:04.567Z"}
{"dbName":"SaaS","level":"info","message":"Connected to MongoDB","timestamp":"2026-03-23T14:34:15.010Z"}
{"level":"info","message":"Redis disabled by configuration","timestamp":"2026-03-23T14:34:15.017Z"}
{"level":"info","message":"Server listening on port 4001","timestamp":"2026-03-23T14:34:15.021Z"}
{"level":"info","message":"Invoice scheduler started (leader-locked, queues reminder jobs daily at midnight)","timestamp":"2026-03-23T14:34:15.041Z"}
{"level":"http","message":"::1 - - [23/Mar/2026:14:34:48 +0000] \"GET /api HTTP/1.1\" 200 48 \"-\" \"Mozilla/5.0 (Windows NT; Windows NT 10.0; en-IN) WindowsPowerShell/5.1.26100.7920\"","timestamp":"2026-03-23T14:34:48.089Z"}
{"dbName":"SaaS","level":"info","message":"Connected to MongoDB","timestamp":"2026-03-23T14:34:59.988Z"}
{"dbName":"SaaS","level":"info","message":"Connected to MongoDB","timestamp":"2026-03-23T14:36:09.163Z"}
{"level":"http","message":"::1 - - [23/Mar/2026:14:36:36 +0000] \"GET /api HTTP/1.1\" 200 48 \"-\" \"Mozilla/5.0 (Windows NT; Windows NT 10.0; en-IN) WindowsPowerShell/5.1.26100.7920\"","timestamp":"2026-03-23T14:36:36.074Z"}
{"dbName":"SaaS","level":"info","message":"Connected to MongoDB","timestamp":"2026-03-23T14:37:53.344Z"}
{"level":"info","message":"Redis disabled by configuration","timestamp":"2026-03-23T14:37:53.351Z"}
{"level":"info","message":"Server listening on port 4005","timestamp":"2026-03-23T14:37:53.356Z"}
{"level":"info","message":"Invoice scheduler started (leader-locked, queues reminder jobs daily at midnight)","timestamp":"2026-03-23T14:37:53.382Z"}
{"level":"http","message":"::1 - - [23/Mar/2026:14:38:46 +0000] \"GET /api HTTP/1.1\" 200 48 \"-\" \"Mozilla/5.0 (Windows NT; Windows NT 10.0; en-IN) WindowsPowerShell/5.1.26100.7920\"","timestamp":"2026-03-23T14:38:46.152Z"}
{"level":"info","message":"Received SIGINT, shutting down gracefully","timestamp":"2026-03-23T14:39:21.318Z"}
{"dbName":"SaaS","level":"info","message":"Connected to MongoDB","timestamp":"2026-03-23T14:39:52.075Z"}
{"dbName":"SaaS","level":"info","message":"Connected to MongoDB","timestamp":"2026-03-23T14:40:32.979Z"}
{"level":"info","message":"Redis disabled by configuration","timestamp":"2026-03-23T14:40:32.986Z"}
{"level":"info","message":"Server listening on port 4005","timestamp":"2026-03-23T14:40:32.991Z"}
{"level":"info","message":"Invoice scheduler started (leader-locked, queues reminder jobs daily at midnight)","timestamp":"2026-03-23T14:40:33.016Z"}
{"dbName":"SaaS","level":"info","message":"Connected to MongoDB","timestamp":"2026-03-23T14:41:34.555Z"}
{"level":"info","message":"Received SIGINT, shutting down gracefully","timestamp":"2026-03-23T14:41:39.509Z"}
{"dbName":"SaaS","level":"info","message":"Connected to MongoDB","timestamp":"2026-03-23T14:42:07.450Z"}
{"level":"info","message":"Redis disabled by configuration","timestamp":"2026-03-23T14:42:07.457Z"}
{"level":"info","message":"Server listening on port 4005","timestamp":"2026-03-23T14:42:07.461Z"}
{"level":"info","message":"Invoice scheduler started (leader-locked, queues reminder jobs daily at midnight)","timestamp":"2026-03-23T14:42:07.482Z"}
{"dbName":"SaaS","level":"info","message":"Connected to MongoDB","timestamp":"2026-03-23T14:43:37.142Z"}
{"level":"info","message":"Received SIGINT, shutting down gracefully","timestamp":"2026-03-23T14:46:09.351Z"}
{"dbName":"SaaS","level":"info","message":"Connected to MongoDB","timestamp":"2026-03-23T14:46:13.841Z"}
{"level":"info","message":"Server listening on port 4005","timestamp":"2026-03-23T14:46:13.858Z"}
{"level":"info","message":"Invoice scheduler started (leader-locked, queues reminder jobs daily at midnight)","timestamp":"2026-03-23T14:46:13.882Z"}
{"error":"","level":"error","message":"Redis client error","timestamp":"2026-03-23T14:46:13.891Z"}
{"level":"warn","message":"Redis client reconnecting","timestamp":"2026-03-23T14:46:13.997Z"}
{"error":"","level":"error","message":"Redis client error","timestamp":"2026-03-23T14:46:14.000Z"}
{"level":"warn","message":"Redis client reconnecting","timestamp":"2026-03-23T14:46:14.216Z"}
{"error":"","level":"error","message":"Redis client error","timestamp":"2026-03-23T14:46:14.219Z"}
{"level":"warn","message":"Redis client reconnecting","timestamp":"2026-03-23T14:46:14.624Z"}
{"error":"","level":"error","message":"Redis client error","timestamp":"2026-03-23T14:46:14.626Z"}
{"level":"warn","message":"Redis client reconnecting","timestamp":"2026-03-23T14:46:15.440Z"}
{"error":"","level":"error","message":"Redis client error","timestamp":"2026-03-23T14:46:15.446Z"}
{"level":"warn","message":"Redis client reconnecting","timestamp":"2026-03-23T14:46:17.061Z"}
{"error":"","level":"error","message":"Redis client error","timestamp":"2026-03-23T14:46:17.065Z"}
{"level":"warn","message":"Redis client reconnecting","timestamp":"2026-03-23T14:46:20.277Z"}
{"error":"","level":"error","message":"Redis client error","timestamp":"2026-03-23T14:46:20.280Z"}
{"level":"warn","message":"Redis client reconnecting","timestamp":"2026-03-23T14:46:25.296Z"}
{"error":"","level":"error","message":"Redis client error","timestamp":"2026-03-23T14:46:25.298Z"}
{"level":"warn","message":"Redis client reconnecting","timestamp":"2026-03-23T14:46:30.308Z"}
{"error":"","level":"error","message":"Redis client error","timestamp":"2026-03-23T14:46:30.311Z"}
{"level":"warn","message":"Redis client reconnecting","timestamp":"2026-03-23T14:46:35.320Z"}
{"error":"","level":"error","message":"Redis client error","timestamp":"2026-03-23T14:46:35.323Z"}
{"level":"warn","message":"Redis client reconnecting","timestamp":"2026-03-23T14:46:40.332Z"}
{"error":"","level":"error","message":"Redis client error","timestamp":"2026-03-23T14:46:40.335Z"}
{"level":"warn","message":"Redis client reconnecting","timestamp":"2026-03-23T14:46:45.335Z"}
{"error":"","level":"error","message":"Redis client error","timestamp":"2026-03-23T14:46:45.338Z"}
{"level":"warn","message":"Redis client reconnecting","timestamp":"2026-03-23T14:46:50.339Z"}
{"error":"","level":"error","message":"Redis client error","timestamp":"2026-03-23T14:46:50.342Z"}
{"level":"warn","message":"Redis client reconnecting","timestamp":"2026-03-23T14:46:55.350Z"}
{"error":"","level":"error","message":"Redis client error","timestamp":"2026-03-23T14:46:55.353Z"}
{"level":"warn","message":"Redis client reconnecting","timestamp":"2026-03-23T14:47:00.356Z"}
{"error":"","level":"error","message":"Redis client error","timestamp":"2026-03-23T14:47:00.359Z"}
{"level":"warn","message":"Redis client reconnecting","timestamp":"2026-03-23T14:47:05.363Z"}
{"error":"","level":"error","message":"Redis client error","timestamp":"2026-03-23T14:47:05.365Z"}
{"level":"warn","message":"Redis client reconnecting","timestamp":"2026-03-23T14:47:10.376Z"}
{"error":"","level":"error","message":"Redis client error","timestamp":"2026-03-23T14:47:10.378Z"}
{"dbName":"SaaS","level":"info","message":"Connected to MongoDB","timestamp":"2026-03-23T14:47:11.406Z"}
{"level":"warn","message":"Redis client reconnecting","timestamp":"2026-03-23T14:47:15.390Z"}
{"error":"","level":"error","message":"Redis client error","timestamp":"2026-03-23T14:47:15.393Z"}
{"level":"warn","message":"Redis client reconnecting","timestamp":"2026-03-23T14:47:20.409Z"}
{"error":"","level":"error","message":"Redis client error","timestamp":"2026-03-23T14:47:20.412Z"}
{"level":"warn","message":"Redis client reconnecting","timestamp":"2026-03-23T14:47:25.420Z"}
{"error":"","level":"error","message":"Redis client error","timestamp":"2026-03-23T14:47:25.425Z"}
{"level":"warn","message":"Redis client reconnecting","timestamp":"2026-03-23T14:47:30.432Z"}
{"error":"","level":"error","message":"Redis client error","timestamp":"2026-03-23T14:47:30.435Z"}
{"dbName":"SaaS","level":"info","message":"Connected to MongoDB","timestamp":"2026-03-23T14:47:31.140Z"}
{"level":"warn","message":"Redis client reconnecting","timestamp":"2026-03-23T14:47:35.436Z"}
{"error":"","level":"error","message":"Redis client error","timestamp":"2026-03-23T14:47:35.439Z"}
{"level":"warn","message":"Redis client reconnecting","timestamp":"2026-03-23T14:47:40.442Z"}
{"error":"","level":"error","message":"Redis client error","timestamp":"2026-03-23T14:47:40.445Z"}
{"level":"warn","message":"Redis client reconnecting","timestamp":"2026-03-23T14:47:45.453Z"}
{"error":"","level":"error","message":"Redis client error","timestamp":"2026-03-23T14:47:45.456Z"}
{"dbName":"SaaS","level":"info","message":"Connected to MongoDB","timestamp":"2026-03-23T14:48:04.556Z"}
{"level":"info","message":"Redis disabled by configuration","timestamp":"2026-03-23T14:48:04.562Z"}
{"level":"info","message":"Server listening on port 4005","timestamp":"2026-03-23T14:48:04.566Z"}
{"level":"info","message":"Invoice scheduler started (leader-locked, queues reminder jobs daily at midnight)","timestamp":"2026-03-23T14:48:04.590Z"}
{"level":"info","message":"Received SIGINT, shutting down gracefully","timestamp":"2026-03-23T14:48:18.063Z"}
{"dbName":"SaaS","level":"info","message":"Connected to MongoDB","timestamp":"2026-03-23T14:48:25.289Z"}
{"level":"info","message":"Server listening on port 4005","timestamp":"2026-03-23T14:48:25.305Z"}
{"level":"info","message":"Invoice scheduler started (leader-locked, queues reminder jobs daily at midnight)","timestamp":"2026-03-23T14:48:25.328Z"}
{"error":"","level":"error","message":"Redis client error","timestamp":"2026-03-23T14:48:25.338Z"}
{"level":"warn","message":"Redis client reconnecting","timestamp":"2026-03-23T14:48:25.443Z"}
{"error":"","level":"error","message":"Redis client error","timestamp":"2026-03-23T14:48:25.447Z"}
{"level":"warn","message":"Redis client reconnecting","timestamp":"2026-03-23T14:48:25.662Z"}
{"error":"","level":"error","message":"Redis client error","timestamp":"2026-03-23T14:48:25.665Z"}
{"level":"warn","message":"Redis client reconnecting","timestamp":"2026-03-23T14:48:26.066Z"}
{"error":"","level":"error","message":"Redis client error","timestamp":"2026-03-23T14:48:26.069Z"}
{"level":"warn","message":"Redis client reconnecting","timestamp":"2026-03-23T14:48:26.878Z"}
{"error":"","level":"error","message":"Redis client error","timestamp":"2026-03-23T14:48:26.881Z"}
{"level":"warn","message":"Redis client reconnecting","timestamp":"2026-03-23T14:48:28.488Z"}
{"error":"","level":"error","message":"Redis client error","timestamp":"2026-03-23T14:48:28.490Z"}
{"level":"warn","message":"Redis client reconnecting","timestamp":"2026-03-23T14:48:31.703Z"}
{"error":"","level":"error","message":"Redis client error","timestamp":"2026-03-23T14:48:31.706Z"}
{"level":"warn","message":"Redis client reconnecting","timestamp":"2026-03-23T14:48:36.713Z"}
{"error":"","level":"error","message":"Redis client error","timestamp":"2026-03-23T14:48:36.715Z"}
{"level":"warn","message":"Redis client reconnecting","timestamp":"2026-03-23T14:48:41.726Z"}
{"error":"","level":"error","message":"Redis client error","timestamp":"2026-03-23T14:48:41.732Z"}
{"level":"warn","message":"Redis client reconnecting","timestamp":"2026-03-23T14:48:46.743Z"}
{"error":"","level":"error","message":"Redis client error","timestamp":"2026-03-23T14:48:46.746Z"}
{"level":"warn","message":"Redis client reconnecting","timestamp":"2026-03-23T14:48:58.261Z"}
{"error":"","level":"error","message":"Redis client error","timestamp":"2026-03-23T14:48:58.300Z"}
{"level":"warn","message":"Redis client reconnecting","timestamp":"2026-03-23T14:49:03.303Z"}
{"error":"","level":"error","message":"Redis client error","timestamp":"2026-03-23T14:49:03.307Z"}
{"level":"warn","message":"Redis client reconnecting","timestamp":"2026-03-23T14:49:08.307Z"}
{"error":"","level":"error","message":"Redis client error","timestamp":"2026-03-23T14:49:08.311Z"}
{"level":"warn","message":"Redis client reconnecting","timestamp":"2026-03-23T15:20:06.140Z"}
{"error":"","level":"error","message":"Redis client error","timestamp":"2026-03-23T15:20:07.256Z"}
{"level":"warn","message":"Redis client reconnecting","timestamp":"2026-03-23T15:39:48.691Z"}
{"error":"","level":"error","message":"Redis client error","timestamp":"2026-03-23T15:39:48.720Z"}
{"level":"warn","message":"Redis client reconnecting","timestamp":"2026-03-23T16:39:56.279Z"}
{"error":"","level":"error","message":"Redis client error","timestamp":"2026-03-23T16:39:57.277Z"}
{"level":"warn","message":"Redis client reconnecting","timestamp":"2026-03-23T16:40:02.312Z"}
{"error":"","level":"error","message":"Redis client error","timestamp":"2026-03-23T16:40:02.337Z"}
{"level":"warn","message":"Redis client reconnecting","timestamp":"2026-03-23T16:40:07.375Z"}
{"error":"","level":"error","message":"Redis client error","timestamp":"2026-03-23T16:40:07.380Z"}
{"level":"warn","message":"Redis client reconnecting","timestamp":"2026-03-23T16:40:12.381Z"}
{"error":"","level":"error","message":"Redis client error","timestamp":"2026-03-23T16:40:12.385Z"}
{"level":"warn","message":"Redis client reconnecting","timestamp":"2026-03-23T16:40:17.396Z"}
{"error":"","level":"error","message":"Redis client error","timestamp":"2026-03-23T16:40:17.400Z"}
{"level":"warn","message":"Redis client reconnecting","timestamp":"2026-03-23T16:40:22.416Z"}
{"error":"","level":"error","message":"Redis client error","timestamp":"2026-03-23T16:40:22.418Z"}
{"level":"warn","message":"Redis client reconnecting","timestamp":"2026-03-23T16:40:27.423Z"}
{"error":"","level":"error","message":"Redis client error","timestamp":"2026-03-23T16:40:27.426Z"}
{"level":"warn","message":"Redis client reconnecting","timestamp":"2026-03-23T16:40:32.435Z"}
{"error":"","level":"error","message":"Redis client error","timestamp":"2026-03-23T16:40:32.438Z"}
{"level":"warn","message":"Redis client reconnecting","timestamp":"2026-03-23T16:40:37.452Z"}
{"error":"","level":"error","message":"Redis client error","timestamp":"2026-03-23T16:40:37.455Z"}
{"level":"warn","message":"Redis client reconnecting","timestamp":"2026-03-23T16:40:42.460Z"}
{"error":"","level":"error","message":"Redis client error","timestamp":"2026-03-23T16:40:42.463Z"}
{"level":"warn","message":"Redis client reconnecting","timestamp":"2026-03-23T16:40:47.473Z"}
{"error":"","level":"error","message":"Redis client error","timestamp":"2026-03-23T16:40:47.476Z"}
{"level":"warn","message":"Redis client reconnecting","timestamp":"2026-03-23T16:40:52.478Z"}
{"error":"","level":"error","message":"Redis client error","timestamp":"2026-03-23T16:40:52.481Z"}
{"level":"warn","message":"Redis client reconnecting","timestamp":"2026-03-23T16:40:57.496Z"}
{"error":"","level":"error","message":"Redis client error","timestamp":"2026-03-23T16:40:57.499Z"}
{"level":"warn","message":"Redis client reconnecting","timestamp":"2026-03-23T16:41:02.507Z"}
{"error":"","level":"error","message":"Redis client error","timestamp":"2026-03-23T16:41:02.509Z"}
{"level":"warn","message":"Redis client reconnecting","timestamp":"2026-03-23T16:41:07.517Z"}
{"error":"","level":"error","message":"Redis client error","timestamp":"2026-03-23T16:41:07.519Z"}
{"level":"warn","message":"Redis client reconnecting","timestamp":"2026-03-23T16:41:12.524Z"}
{"error":"","level":"error","message":"Redis client error","timestamp":"2026-03-23T16:41:12.526Z"}
{"level":"warn","message":"Redis client reconnecting","timestamp":"2026-03-23T16:41:17.527Z"}
{"error":"","level":"error","message":"Redis client error","timestamp":"2026-03-23T16:41:17.529Z"}
{"level":"warn","message":"Redis client reconnecting","timestamp":"2026-03-23T16:41:22.541Z"}
{"error":"","level":"error","message":"Redis client error","timestamp":"2026-03-23T16:41:22.543Z"}
{"level":"warn","message":"Redis client reconnecting","timestamp":"2026-03-23T16:41:27.550Z"}
{"error":"","level":"error","message":"Redis client error","timestamp":"2026-03-23T16:41:27.552Z"}
{"level":"warn","message":"Redis client reconnecting","timestamp":"2026-03-23T16:41:32.567Z"}
{"error":"","level":"error","message":"Redis client error","timestamp":"2026-03-23T16:41:32.570Z"}
{"level":"warn","message":"Redis client reconnecting","timestamp":"2026-03-23T16:41:37.571Z"}
{"error":"","level":"error","message":"Redis client error","timestamp":"2026-03-23T16:41:37.573Z"}
{"level":"warn","message":"Redis client reconnecting","timestamp":"2026-03-23T16:41:42.586Z"}
{"error":"","level":"error","message":"Redis client error","timestamp":"2026-03-23T16:41:42.589Z"}
{"level":"warn","message":"Redis client reconnecting","timestamp":"2026-03-23T16:41:47.597Z"}
{"error":"","level":"error","message":"Redis client error","timestamp":"2026-03-23T16:41:47.600Z"}
{"level":"warn","message":"Redis client reconnecting","timestamp":"2026-03-23T16:41:52.615Z"}
{"error":"","level":"error","message":"Redis client error","timestamp":"2026-03-23T16:41:52.618Z"}
{"level":"warn","message":"Redis client reconnecting","timestamp":"2026-03-23T16:41:57.620Z"}
{"error":"","level":"error","message":"Redis client error","timestamp":"2026-03-23T16:41:57.623Z"}
{"level":"warn","message":"Redis client reconnecting","timestamp":"2026-03-23T16:42:02.633Z"}
{"error":"","level":"error","message":"Redis client error","timestamp":"2026-03-23T16:42:02.636Z"}
{"level":"warn","message":"Redis client reconnecting","timestamp":"2026-03-23T16:42:07.648Z"}
{"error":"","level":"error","message":"Redis client error","timestamp":"2026-03-23T16:42:07.651Z"}
{"level":"warn","message":"Redis client reconnecting","timestamp":"2026-03-23T16:42:12.667Z"}
{"error":"","level":"error","message":"Redis client error","timestamp":"2026-03-23T16:42:12.669Z"}
{"level":"warn","message":"Redis client reconnecting","timestamp":"2026-03-23T16:42:17.671Z"}
{"error":"","level":"error","message":"Redis client error","timestamp":"2026-03-23T16:42:17.673Z"}
{"level":"warn","message":"Redis client reconnecting","timestamp":"2026-03-23T16:42:22.677Z"}
{"error":"","level":"error","message":"Redis client error","timestamp":"2026-03-23T16:42:22.680Z"}
{"level":"warn","message":"Redis client reconnecting","timestamp":"2026-03-23T16:42:27.693Z"}
{"error":"","level":"error","message":"Redis client error","timestamp":"2026-03-23T16:42:27.695Z"}
{"level":"warn","message":"Redis client reconnecting","timestamp":"2026-03-23T16:42:32.699Z"}
{"error":"","level":"error","message":"Redis client error","timestamp":"2026-03-23T16:42:32.702Z"}
{"level":"warn","message":"Redis client reconnecting","timestamp":"2026-03-23T16:42:37.706Z"}
{"error":"","level":"error","message":"Redis client error","timestamp":"2026-03-23T16:42:37.708Z"}
{"level":"warn","message":"Redis client reconnecting","timestamp":"2026-03-23T16:42:42.710Z"}
{"error":"","level":"error","message":"Redis client error","timestamp":"2026-03-23T16:42:42.712Z"}
{"level":"warn","message":"Redis client reconnecting","timestamp":"2026-03-23T16:42:47.723Z"}
{"error":"","level":"error","message":"Redis client error","timestamp":"2026-03-23T16:42:47.725Z"}
{"level":"warn","message":"Redis client reconnecting","timestamp":"2026-03-23T16:42:52.728Z"}
{"error":"","level":"error","message":"Redis client error","timestamp":"2026-03-23T16:42:52.730Z"}
{"level":"warn","message":"Redis client reconnecting","timestamp":"2026-03-23T16:42:57.741Z"}
{"error":"","level":"error","message":"Redis client error","timestamp":"2026-03-23T16:42:57.743Z"}
{"level":"warn","message":"Redis client reconnecting","timestamp":"2026-03-23T16:43:02.744Z"}
{"error":"","level":"error","message":"Redis client error","timestamp":"2026-03-23T16:43:02.746Z"}
{"level":"warn","message":"Redis client reconnecting","timestamp":"2026-03-23T16:43:07.760Z"}
{"error":"","level":"error","message":"Redis client error","timestamp":"2026-03-23T16:43:07.763Z"}
{"level":"warn","message":"Redis client reconnecting","timestamp":"2026-03-23T16:43:12.771Z"}
{"error":"","level":"error","message":"Redis client error","timestamp":"2026-03-23T16:43:12.774Z"}
{"level":"warn","message":"Redis client reconnecting","timestamp":"2026-03-23T16:43:17.774Z"}
{"error":"","level":"error","message":"Redis client error","timestamp":"2026-03-23T16:43:17.776Z"}
{"level":"warn","message":"Redis client reconnecting","timestamp":"2026-03-23T16:43:22.777Z"}
{"error":"","level":"error","message":"Redis client error","timestamp":"2026-03-23T16:43:22.780Z"}
{"level":"warn","message":"Redis client reconnecting","timestamp":"2026-03-23T16:43:27.793Z"}
{"error":"","level":"error","message":"Redis client error","timestamp":"2026-03-23T16:43:27.796Z"}
{"level":"warn","message":"Redis client reconnecting","timestamp":"2026-03-23T16:43:32.799Z"}
{"error":"","level":"error","message":"Redis client error","timestamp":"2026-03-23T16:43:32.801Z"}
{"level":"warn","message":"Redis client reconnecting","timestamp":"2026-03-23T16:43:37.802Z"}
{"error":"","level":"error","message":"Redis client error","timestamp":"2026-03-23T16:43:37.804Z"}
{"level":"warn","message":"Redis client reconnecting","timestamp":"2026-03-23T16:43:42.818Z"}
{"error":"","level":"error","message":"Redis client error","timestamp":"2026-03-23T16:43:42.821Z"}
{"level":"warn","message":"Redis client reconnecting","timestamp":"2026-03-23T16:43:47.826Z"}
{"error":"","level":"error","message":"Redis client error","timestamp":"2026-03-23T16:43:47.828Z"}
{"level":"warn","message":"Redis client reconnecting","timestamp":"2026-03-23T16:43:52.832Z"}
{"error":"","level":"error","message":"Redis client error","timestamp":"2026-03-23T16:43:52.834Z"}
{"level":"warn","message":"Redis client reconnecting","timestamp":"2026-03-23T16:43:57.839Z"}
{"error":"","level":"error","message":"Redis client error","timestamp":"2026-03-23T16:43:57.841Z"}
{"level":"warn","message":"Redis client reconnecting","timestamp":"2026-03-23T16:44:02.843Z"}
{"error":"","level":"error","message":"Redis client error","timestamp":"2026-03-23T16:44:02.846Z"}
{"level":"warn","message":"Redis client reconnecting","timestamp":"2026-03-23T16:44:07.852Z"}
{"error":"","level":"error","message":"Redis client error","timestamp":"2026-03-23T16:44:07.854Z"}
{"level":"warn","message":"Redis client reconnecting","timestamp":"2026-03-23T16:44:12.863Z"}
{"error":"","level":"error","message":"Redis client error","timestamp":"2026-03-23T16:44:12.866Z"}
{"level":"warn","message":"Redis client reconnecting","timestamp":"2026-03-23T16:44:17.878Z"}
{"error":"","level":"error","message":"Redis client error","timestamp":"2026-03-23T16:44:17.881Z"}
{"level":"warn","message":"Redis client reconnecting","timestamp":"2026-03-23T16:44:22.895Z"}
{"error":"","level":"error","message":"Redis client error","timestamp":"2026-03-23T16:44:22.897Z"}
{"level":"warn","message":"Redis client reconnecting","timestamp":"2026-03-23T16:44:27.906Z"}
{"error":"","level":"error","message":"Redis client error","timestamp":"2026-03-23T16:44:27.908Z"}
{"level":"warn","message":"Redis client reconnecting","timestamp":"2026-03-23T16:44:32.915Z"}
{"error":"","level":"error","message":"Redis client error","timestamp":"2026-03-23T16:44:32.917Z"}
{"level":"warn","message":"Redis client reconnecting","timestamp":"2026-03-23T16:44:37.927Z"}
{"error":"","level":"error","message":"Redis client error","timestamp":"2026-03-23T16:44:37.930Z"}
{"level":"warn","message":"Redis client reconnecting","timestamp":"2026-03-23T16:44:42.938Z"}
{"error":"","level":"error","message":"Redis client error","timestamp":"2026-03-23T16:44:42.941Z"}
{"level":"warn","message":"Redis client reconnecting","timestamp":"2026-03-23T16:44:47.951Z"}
{"error":"","level":"error","message":"Redis client error","timestamp":"2026-03-23T16:44:47.954Z"}
{"level":"warn","message":"Redis client reconnecting","timestamp":"2026-03-23T16:44:52.961Z"}
{"error":"","level":"error","message":"Redis client error","timestamp":"2026-03-23T16:44:52.963Z"}
{"level":"warn","message":"Redis client reconnecting","timestamp":"2026-03-23T16:44:57.970Z"}
{"error":"","level":"error","message":"Redis client error","timestamp":"2026-03-23T16:44:57.973Z"}
{"level":"warn","message":"Redis client reconnecting","timestamp":"2026-03-23T16:45:02.983Z"}
{"error":"","level":"error","message":"Redis client error","timestamp":"2026-03-23T16:45:02.986Z"}
{"level":"warn","message":"Redis client reconnecting","timestamp":"2026-03-23T16:45:07.992Z"}
{"error":"","level":"error","message":"Redis client error","timestamp":"2026-03-23T16:45:07.995Z"}
{"level":"warn","message":"Redis client reconnecting","timestamp":"2026-03-23T16:45:12.999Z"}
{"error":"","level":"error","message":"Redis client error","timestamp":"2026-03-23T16:45:13.002Z"}
{"level":"warn","message":"Redis client reconnecting","timestamp":"2026-03-23T16:45:18.008Z"}
{"error":"","level":"error","message":"Redis client error","timestamp":"2026-03-23T16:45:18.010Z"}
{"level":"warn","message":"Redis client reconnecting","timestamp":"2026-03-23T16:45:23.020Z"}
{"error":"","level":"error","message":"Redis client error","timestamp":"2026-03-23T16:45:23.023Z"}
{"level":"warn","message":"Redis client reconnecting","timestamp":"2026-03-23T16:45:28.034Z"}
{"error":"","level":"error","message":"Redis client error","timestamp":"2026-03-23T16:45:28.036Z"}
{"level":"warn","message":"Redis client reconnecting","timestamp":"2026-03-23T16:45:33.048Z"}
{"error":"","level":"error","message":"Redis client error","timestamp":"2026-03-23T16:45:33.051Z"}
{"level":"warn","message":"Redis client reconnecting","timestamp":"2026-03-23T16:45:38.053Z"}
{"error":"","level":"error","message":"Redis client error","timestamp":"2026-03-23T16:45:38.057Z"}
{"level":"warn","message":"Redis client reconnecting","timestamp":"2026-03-23T16:45:43.064Z"}
{"error":"","level":"error","message":"Redis client error","timestamp":"2026-03-23T16:45:43.067Z"}
{"level":"warn","message":"Redis client reconnecting","timestamp":"2026-03-23T16:45:48.067Z"}
{"error":"","level":"error","message":"Redis client error","timestamp":"2026-03-23T16:45:48.069Z"}
{"level":"warn","message":"Redis client reconnecting","timestamp":"2026-03-23T16:45:53.078Z"}
{"error":"","level":"error","message":"Redis client error","timestamp":"2026-03-23T16:45:53.080Z"}
{"level":"warn","message":"Redis client reconnecting","timestamp":"2026-03-23T16:45:58.085Z"}
{"error":"","level":"error","message":"Redis client error","timestamp":"2026-03-23T16:45:58.088Z"}
{"level":"warn","message":"Redis client reconnecting","timestamp":"2026-03-23T16:46:03.091Z"}
{"error":"","level":"error","message":"Redis client error","timestamp":"2026-03-23T16:46:03.094Z"}
{"level":"warn","message":"Redis client reconnecting","timestamp":"2026-03-23T16:46:08.104Z"}
{"error":"","level":"error","message":"Redis client error","timestamp":"2026-03-23T16:46:08.107Z"}
{"level":"warn","message":"Redis client reconnecting","timestamp":"2026-03-23T16:46:13.114Z"}
{"error":"","level":"error","message":"Redis client error","timestamp":"2026-03-23T16:46:13.117Z"}
{"level":"warn","message":"Redis client reconnecting","timestamp":"2026-03-23T16:46:18.128Z"}
{"error":"","level":"error","message":"Redis client error","timestamp":"2026-03-23T16:46:18.131Z"}
{"level":"warn","message":"Redis client reconnecting","timestamp":"2026-03-23T16:46:23.141Z"}
{"error":"","level":"error","message":"Redis client error","timestamp":"2026-03-23T16:46:23.143Z"}
{"level":"warn","message":"Redis client reconnecting","timestamp":"2026-03-23T16:46:28.154Z"}
{"error":"","level":"error","message":"Redis client error","timestamp":"2026-03-23T16:46:28.156Z"}
{"level":"warn","message":"Redis client reconnecting","timestamp":"2026-03-23T16:46:33.169Z"}
{"error":"","level":"error","message":"Redis client error","timestamp":"2026-03-23T16:46:33.173Z"}
{"level":"warn","message":"Redis client reconnecting","timestamp":"2026-03-23T16:46:38.180Z"}
{"error":"","level":"error","message":"Redis client error","timestamp":"2026-03-23T16:46:38.183Z"}
{"level":"warn","message":"Redis client reconnecting","timestamp":"2026-03-23T16:46:43.192Z"}
{"error":"","level":"error","message":"Redis client error","timestamp":"2026-03-23T16:46:43.197Z"}
{"level":"warn","message":"Redis client reconnecting","timestamp":"2026-03-23T16:46:48.202Z"}
{"error":"","level":"error","message":"Redis client error","timestamp":"2026-03-23T16:46:48.205Z"}
{"level":"warn","message":"Redis client reconnecting","timestamp":"2026-03-23T16:46:53.216Z"}
{"error":"","level":"error","message":"Redis client error","timestamp":"2026-03-23T16:46:53.219Z"}
{"level":"warn","message":"Redis client reconnecting","timestamp":"2026-03-23T16:46:58.223Z"}
{"error":"","level":"error","message":"Redis client error","timestamp":"2026-03-23T16:46:58.225Z"}
{"level":"warn","message":"Redis client reconnecting","timestamp":"2026-03-23T16:47:03.233Z"}
{"error":"","level":"error","message":"Redis client error","timestamp":"2026-03-23T16:47:03.236Z"}
{"level":"warn","message":"Redis client reconnecting","timestamp":"2026-03-23T16:47:08.240Z"}
{"error":"","level":"error","message":"Redis client error","timestamp":"2026-03-23T16:47:08.242Z"}
{"level":"warn","message":"Redis client reconnecting","timestamp":"2026-03-23T16:47:13.254Z"}
{"error":"","level":"error","message":"Redis client error","timestamp":"2026-03-23T16:47:13.256Z"}
{"level":"warn","message":"Redis client reconnecting","timestamp":"2026-03-23T16:47:18.256Z"}
{"error":"","level":"error","message":"Redis client error","timestamp":"2026-03-23T16:47:18.259Z"}
{"level":"warn","message":"Redis client reconnecting","timestamp":"2026-03-23T16:47:23.272Z"}
{"error":"","level":"error","message":"Redis client error","timestamp":"2026-03-23T16:47:23.274Z"}
{"level":"warn","message":"Redis client reconnecting","timestamp":"2026-03-23T16:47:28.282Z"}
{"error":"","level":"error","message":"Redis client error","timestamp":"2026-03-23T16:47:28.285Z"}
{"level":"warn","message":"Redis client reconnecting","timestamp":"2026-03-23T16:47:33.296Z"}
{"error":"","level":"error","message":"Redis client error","timestamp":"2026-03-23T16:47:33.298Z"}
{"level":"warn","message":"Redis client reconnecting","timestamp":"2026-03-23T16:47:38.314Z"}
{"error":"","level":"error","message":"Redis client error","timestamp":"2026-03-23T16:47:38.316Z"}
{"level":"warn","message":"Redis client reconnecting","timestamp":"2026-03-23T16:47:43.318Z"}
{"error":"","level":"error","message":"Redis client error","timestamp":"2026-03-23T16:47:43.320Z"}
{"level":"warn","message":"Redis client reconnecting","timestamp":"2026-03-23T16:47:48.322Z"}
{"error":"","level":"error","message":"Redis client error","timestamp":"2026-03-23T16:47:48.326Z"}
{"level":"warn","message":"Redis client reconnecting","timestamp":"2026-03-23T16:47:53.333Z"}
{"error":"","level":"error","message":"Redis client error","timestamp":"2026-03-23T16:47:53.336Z"}
{"level":"warn","message":"Redis client reconnecting","timestamp":"2026-03-23T16:47:58.342Z"}
{"error":"","level":"error","message":"Redis client error","timestamp":"2026-03-23T16:47:58.345Z"}
{"level":"warn","message":"Redis client reconnecting","timestamp":"2026-03-23T16:48:03.348Z"}
{"error":"","level":"error","message":"Redis client error","timestamp":"2026-03-23T16:48:03.351Z"}
{"level":"warn","message":"Redis client reconnecting","timestamp":"2026-03-23T16:48:08.358Z"}
{"error":"","level":"error","message":"Redis client error","timestamp":"2026-03-23T16:48:08.361Z"}
{"level":"warn","message":"Redis client reconnecting","timestamp":"2026-03-23T16:48:13.371Z"}
{"error":"","level":"error","message":"Redis client error","timestamp":"2026-03-23T16:48:13.373Z"}
{"level":"warn","message":"Redis client reconnecting","timestamp":"2026-03-23T16:48:18.373Z"}
{"error":"","level":"error","message":"Redis client error","timestamp":"2026-03-23T16:48:18.376Z"}
{"level":"warn","message":"Redis client reconnecting","timestamp":"2026-03-23T16:48:23.383Z"}
{"error":"","level":"error","message":"Redis client error","timestamp":"2026-03-23T16:48:23.385Z"}
{"level":"warn","message":"Redis client reconnecting","timestamp":"2026-03-23T16:48:28.391Z"}
{"error":"","level":"error","message":"Redis client error","timestamp":"2026-03-23T16:48:28.394Z"}
{"level":"warn","message":"Redis client reconnecting","timestamp":"2026-03-23T16:48:33.407Z"}
{"error":"","level":"error","message":"Redis client error","timestamp":"2026-03-23T16:48:33.410Z"}
{"level":"warn","message":"Redis client reconnecting","timestamp":"2026-03-23T16:48:38.418Z"}
{"error":"","level":"error","message":"Redis client error","timestamp":"2026-03-23T16:48:38.420Z"}
{"level":"warn","message":"Redis client reconnecting","timestamp":"2026-03-23T16:48:43.429Z"}
{"error":"","level":"error","message":"Redis client error","timestamp":"2026-03-23T16:48:43.432Z"}
{"level":"warn","message":"Redis client reconnecting","timestamp":"2026-03-23T16:48:48.434Z"}
{"error":"","level":"error","message":"Redis client error","timestamp":"2026-03-23T16:48:48.436Z"}
{"level":"warn","message":"Redis client reconnecting","timestamp":"2026-03-23T16:48:53.450Z"}
{"error":"","level":"error","message":"Redis client error","timestamp":"2026-03-23T16:48:53.452Z"}
{"level":"warn","message":"Redis client reconnecting","timestamp":"2026-03-23T16:48:58.459Z"}
{"error":"","level":"error","message":"Redis client error","timestamp":"2026-03-23T16:48:58.462Z"}
{"level":"warn","message":"Redis client reconnecting","timestamp":"2026-03-23T16:49:03.464Z"}
{"error":"","level":"error","message":"Redis client error","timestamp":"2026-03-23T16:49:03.466Z"}
{"level":"warn","message":"Redis client reconnecting","timestamp":"2026-03-23T16:49:08.480Z"}
{"error":"","level":"error","message":"Redis client error","timestamp":"2026-03-23T16:49:08.484Z"}
{"level":"warn","message":"Redis client reconnecting","timestamp":"2026-03-23T16:49:13.493Z"}
{"error":"","level":"error","message":"Redis client error","timestamp":"2026-03-23T16:49:13.495Z"}
{"level":"warn","message":"Redis client reconnecting","timestamp":"2026-03-23T16:49:18.507Z"}
{"error":"","level":"error","message":"Redis client error","timestamp":"2026-03-23T16:49:18.509Z"}
{"level":"warn","message":"Redis client reconnecting","timestamp":"2026-03-23T16:49:23.959Z"}
{"error":"","level":"error","message":"Redis client error","timestamp":"2026-03-23T16:49:23.978Z"}
{"level":"warn","message":"Redis client reconnecting","timestamp":"2026-03-23T16:49:28.981Z"}
{"error":"","level":"error","message":"Redis client error","timestamp":"2026-03-23T16:49:28.984Z"}
{"level":"warn","message":"Redis client reconnecting","timestamp":"2026-03-23T16:49:33.989Z"}
{"error":"","level":"error","message":"Redis client error","timestamp":"2026-03-23T16:49:33.991Z"}
{"level":"warn","message":"Redis client reconnecting","timestamp":"2026-03-23T16:49:38.996Z"}
{"error":"","level":"error","message":"Redis client error","timestamp":"2026-03-23T16:49:38.998Z"}
{"level":"warn","message":"Redis client reconnecting","timestamp":"2026-03-23T16:49:44.011Z"}
{"error":"","level":"error","message":"Redis client error","timestamp":"2026-03-23T16:49:44.013Z"}
{"level":"warn","message":"Redis client reconnecting","timestamp":"2026-03-23T16:49:49.029Z"}
{"error":"","level":"error","message":"Redis client error","timestamp":"2026-03-23T16:49:49.031Z"}
{"level":"warn","message":"Redis client reconnecting","timestamp":"2026-03-23T16:49:54.040Z"}
{"error":"","level":"error","message":"Redis client error","timestamp":"2026-03-23T16:49:54.043Z"}
{"level":"warn","message":"Redis client reconnecting","timestamp":"2026-03-23T16:49:59.056Z"}
{"error":"","level":"error","message":"Redis client error","timestamp":"2026-03-23T16:49:59.059Z"}
{"level":"warn","message":"Redis client reconnecting","timestamp":"2026-03-23T16:50:04.062Z"}
{"error":"","level":"error","message":"Redis client error","timestamp":"2026-03-23T16:50:04.065Z"}
{"level":"warn","message":"Redis client reconnecting","timestamp":"2026-03-23T16:50:09.071Z"}
{"error":"","level":"error","message":"Redis client error","timestamp":"2026-03-23T16:50:09.073Z"}
{"level":"warn","message":"Redis client reconnecting","timestamp":"2026-03-23T16:50:14.078Z"}
{"error":"","level":"error","message":"Redis client error","timestamp":"2026-03-23T16:50:14.081Z"}
{"level":"warn","message":"Redis client reconnecting","timestamp":"2026-03-23T16:50:19.083Z"}
{"error":"","level":"error","message":"Redis client error","timestamp":"2026-03-23T16:50:19.085Z"}
{"level":"warn","message":"Redis client reconnecting","timestamp":"2026-03-23T16:50:24.088Z"}
{"error":"","level":"error","message":"Redis client error","timestamp":"2026-03-23T16:50:24.090Z"}
{"level":"warn","message":"Redis client reconnecting","timestamp":"2026-03-23T16:50:29.091Z"}
{"error":"","level":"error","message":"Redis client error","timestamp":"2026-03-23T16:50:29.094Z"}
{"level":"warn","message":"Redis client reconnecting","timestamp":"2026-03-23T16:50:34.103Z"}
{"error":"","level":"error","message":"Redis client error","timestamp":"2026-03-23T16:50:34.105Z"}
{"level":"warn","message":"Redis client reconnecting","timestamp":"2026-03-23T16:52:15.092Z"}
{"error":"","level":"error","message":"Redis client error","timestamp":"2026-03-23T16:52:15.108Z"}
{"level":"warn","message":"Redis client reconnecting","timestamp":"2026-03-23T16:52:20.122Z"}
{"error":"","level":"error","message":"Redis client error","timestamp":"2026-03-23T16:52:20.126Z"}
{"level":"warn","message":"Redis client reconnecting","timestamp":"2026-03-23T16:52:25.132Z"}
{"error":"","level":"error","message":"Redis client error","timestamp":"2026-03-23T16:52:25.138Z"}
{"level":"warn","message":"Redis client reconnecting","timestamp":"2026-03-23T18:35:37.958Z"}
{"error":"","level":"error","message":"Redis client error","timestamp":"2026-03-23T18:35:39.013Z"}
{"level":"warn","message":"Redis client reconnecting","timestamp":"2026-03-23T18:35:44.029Z"}
{"error":"","level":"error","message":"Redis client error","timestamp":"2026-03-23T18:35:44.045Z"}
{"level":"warn","message":"Redis client reconnecting","timestamp":"2026-03-23T18:35:49.062Z"}
{"error":"","level":"error","message":"Redis client error","timestamp":"2026-03-23T18:35:49.070Z"}
{"level":"warn","message":"Redis client reconnecting","timestamp":"2026-03-23T18:35:54.078Z"}
{"error":"","level":"error","message":"Redis client error","timestamp":"2026-03-23T18:35:54.081Z"}
{"level":"warn","message":"Redis client reconnecting","timestamp":"2026-03-23T18:35:59.090Z"}
{"error":"","level":"error","message":"Redis client error","timestamp":"2026-03-23T18:35:59.094Z"}
{"level":"warn","message":"Redis client reconnecting","timestamp":"2026-03-23T18:36:04.101Z"}
{"error":"","level":"error","message":"Redis client error","timestamp":"2026-03-23T18:36:04.104Z"}
{"level":"warn","message":"Redis client reconnecting","timestamp":"2026-03-23T18:36:09.113Z"}
{"error":"","level":"error","message":"Redis client error","timestamp":"2026-03-23T18:36:09.117Z"}
{"level":"warn","message":"Redis client reconnecting","timestamp":"2026-03-23T18:36:14.125Z"}
{"error":"","level":"error","message":"Redis client error","timestamp":"2026-03-23T18:36:14.129Z"}
{"level":"warn","message":"Redis client reconnecting","timestamp":"2026-03-23T18:36:19.136Z"}
{"error":"","level":"error","message":"Redis client error","timestamp":"2026-03-23T18:36:19.139Z"}
{"level":"warn","message":"Redis client reconnecting","timestamp":"2026-03-23T18:36:24.143Z"}
{"error":"","level":"error","message":"Redis client error","timestamp":"2026-03-23T18:36:24.146Z"}
{"level":"warn","message":"Redis client reconnecting","timestamp":"2026-03-23T18:36:29.160Z"}
{"error":"","level":"error","message":"Redis client error","timestamp":"2026-03-23T18:36:29.164Z"}
{"level":"warn","message":"Redis client reconnecting","timestamp":"2026-03-23T18:36:34.167Z"}
{"error":"","level":"error","message":"Redis client error","timestamp":"2026-03-23T18:36:34.171Z"}
{"level":"warn","message":"Redis client reconnecting","timestamp":"2026-03-23T18:36:39.182Z"}
{"error":"","level":"error","message":"Redis client error","timestamp":"2026-03-23T18:36:39.185Z"}
{"level":"warn","message":"Redis client reconnecting","timestamp":"2026-03-23T18:36:44.187Z"}
{"error":"","level":"error","message":"Redis client error","timestamp":"2026-03-23T18:36:44.197Z"}
{"level":"warn","message":"Redis client reconnecting","timestamp":"2026-03-23T18:36:49.198Z"}
{"error":"","level":"error","message":"Redis client error","timestamp":"2026-03-23T18:36:49.201Z"}
{"level":"warn","message":"Redis client reconnecting","timestamp":"2026-03-23T18:36:54.203Z"}
{"error":"","level":"error","message":"Redis client error","timestamp":"2026-03-23T18:36:54.207Z"}
{"level":"warn","message":"Redis client reconnecting","timestamp":"2026-03-23T18:36:59.217Z"}
{"error":"","level":"error","message":"Redis client error","timestamp":"2026-03-23T18:36:59.221Z"}
{"level":"warn","message":"Redis client reconnecting","timestamp":"2026-03-23T18:37:04.237Z"}
{"error":"","level":"error","message":"Redis client error","timestamp":"2026-03-23T18:37:04.240Z"}
{"level":"warn","message":"Redis client reconnecting","timestamp":"2026-03-23T18:37:09.248Z"}
{"error":"","level":"error","message":"Redis client error","timestamp":"2026-03-23T18:37:09.252Z"}
{"level":"warn","message":"Redis client reconnecting","timestamp":"2026-03-23T18:37:14.256Z"}
{"error":"","level":"error","message":"Redis client error","timestamp":"2026-03-23T18:37:14.259Z"}
{"level":"warn","message":"Redis client reconnecting","timestamp":"2026-03-23T18:37:19.271Z"}
{"error":"","level":"error","message":"Redis client error","timestamp":"2026-03-23T18:37:19.274Z"}
{"level":"warn","message":"Redis client reconnecting","timestamp":"2026-03-23T18:37:24.286Z"}
{"error":"","level":"error","message":"Redis client error","timestamp":"2026-03-23T18:37:24.291Z"}
{"level":"warn","message":"Redis client reconnecting","timestamp":"2026-03-23T18:37:29.294Z"}
{"error":"","level":"error","message":"Redis client error","timestamp":"2026-03-23T18:37:29.298Z"}
{"level":"warn","message":"Redis client reconnecting","timestamp":"2026-03-23T18:37:34.304Z"}
{"error":"","level":"error","message":"Redis client error","timestamp":"2026-03-23T18:37:34.307Z"}
{"level":"warn","message":"Redis client reconnecting","timestamp":"2026-03-23T18:37:39.313Z"}
{"error":"","level":"error","message":"Redis client error","timestamp":"2026-03-23T18:37:39.316Z"}
{"level":"warn","message":"Redis client reconnecting","timestamp":"2026-03-23T18:37:44.318Z"}
{"error":"","level":"error","message":"Redis client error","timestamp":"2026-03-23T18:37:44.321Z"}
{"level":"warn","message":"Redis client reconnecting","timestamp":"2026-03-23T18:37:49.323Z"}
{"error":"","level":"error","message":"Redis client error","timestamp":"2026-03-23T18:37:49.325Z"}
{"level":"warn","message":"Redis client reconnecting","timestamp":"2026-03-23T18:37:54.335Z"}
{"error":"","level":"error","message":"Redis client error","timestamp":"2026-03-23T18:37:54.338Z"}
{"level":"warn","message":"Redis client reconnecting","timestamp":"2026-03-23T18:37:59.350Z"}
{"error":"","level":"error","message":"Redis client error","timestamp":"2026-03-23T18:37:59.353Z"}
{"level":"warn","message":"Redis client reconnecting","timestamp":"2026-03-23T18:38:04.365Z"}
{"error":"","level":"error","message":"Redis client error","timestamp":"2026-03-23T18:38:04.367Z"}
{"level":"warn","message":"Redis client reconnecting","timestamp":"2026-03-23T18:38:09.368Z"}
{"error":"","level":"error","message":"Redis client error","timestamp":"2026-03-23T18:38:09.371Z"}
{"level":"warn","message":"Redis client reconnecting","timestamp":"2026-03-23T18:38:14.373Z"}
{"error":"","level":"error","message":"Redis client error","timestamp":"2026-03-23T18:38:14.376Z"}
{"level":"warn","message":"Redis client reconnecting","timestamp":"2026-03-23T18:38:19.388Z"}
{"error":"","level":"error","message":"Redis client error","timestamp":"2026-03-23T18:38:19.391Z"}
{"level":"warn","message":"Redis client reconnecting","timestamp":"2026-03-23T18:38:24.400Z"}
{"error":"","level":"error","message":"Redis client error","timestamp":"2026-03-23T18:38:24.402Z"}
{"level":"warn","message":"Redis client reconnecting","timestamp":"2026-03-23T18:38:29.417Z"}
{"error":"","level":"error","message":"Redis client error","timestamp":"2026-03-23T18:38:29.420Z"}
{"level":"warn","message":"Redis client reconnecting","timestamp":"2026-03-23T18:38:34.429Z"}
{"error":"","level":"error","message":"Redis client error","timestamp":"2026-03-23T18:38:34.431Z"}
{"level":"warn","message":"Redis client reconnecting","timestamp":"2026-03-23T18:38:39.433Z"}
{"error":"","level":"error","message":"Redis client error","timestamp":"2026-03-23T18:38:39.435Z"}
{"level":"warn","message":"Redis client reconnecting","timestamp":"2026-03-23T18:38:44.444Z"}
{"error":"","level":"error","message":"Redis client error","timestamp":"2026-03-23T18:38:44.447Z"}
{"level":"warn","message":"Redis client reconnecting","timestamp":"2026-03-23T18:38:49.459Z"}
{"error":"","level":"error","message":"Redis client error","timestamp":"2026-03-23T18:38:49.461Z"}
{"level":"warn","message":"Redis client reconnecting","timestamp":"2026-03-23T18:38:54.476Z"}
{"error":"","level":"error","message":"Redis client error","timestamp":"2026-03-23T18:38:54.479Z"}
{"level":"warn","message":"Redis client reconnecting","timestamp":"2026-03-23T18:38:59.481Z"}
{"error":"","level":"error","message":"Redis client error","timestamp":"2026-03-23T18:38:59.483Z"}
{"level":"warn","message":"Redis client reconnecting","timestamp":"2026-03-23T18:39:04.487Z"}
{"error":"","level":"error","message":"Redis client error","timestamp":"2026-03-23T18:39:04.490Z"}
{"level":"warn","message":"Redis client reconnecting","timestamp":"2026-03-23T18:39:09.498Z"}
{"error":"","level":"error","message":"Redis client error","timestamp":"2026-03-23T18:39:09.502Z"}
{"level":"warn","message":"Redis client reconnecting","timestamp":"2026-03-23T18:39:14.505Z"}
{"error":"","level":"error","message":"Redis client error","timestamp":"2026-03-23T18:39:14.507Z"}
{"level":"warn","message":"Redis client reconnecting","timestamp":"2026-03-23T18:39:19.508Z"}
{"error":"","level":"error","message":"Redis client error","timestamp":"2026-03-23T18:39:19.511Z"}
{"level":"warn","message":"Redis client reconnecting","timestamp":"2026-03-23T18:39:24.522Z"}
{"error":"","level":"error","message":"Redis client error","timestamp":"2026-03-23T18:39:24.525Z"}
{"level":"warn","message":"Redis client reconnecting","timestamp":"2026-03-23T18:39:29.536Z"}
{"error":"","level":"error","message":"Redis client error","timestamp":"2026-03-23T18:39:29.539Z"}
{"level":"warn","message":"Redis client reconnecting","timestamp":"2026-03-23T18:39:34.553Z"}
{"error":"","level":"error","message":"Redis client error","timestamp":"2026-03-23T18:39:34.555Z"}
{"level":"warn","message":"Redis client reconnecting","timestamp":"2026-03-23T18:39:39.571Z"}
{"error":"","level":"error","message":"Redis client error","timestamp":"2026-03-23T18:39:39.574Z"}
{"level":"warn","message":"Redis client reconnecting","timestamp":"2026-03-23T18:39:44.583Z"}
{"error":"","level":"error","message":"Redis client error","timestamp":"2026-03-23T18:39:44.585Z"}
{"level":"warn","message":"Redis client reconnecting","timestamp":"2026-03-23T18:39:49.594Z"}
{"error":"","level":"error","message":"Redis client error","timestamp":"2026-03-23T18:39:49.597Z"}
{"level":"warn","message":"Redis client reconnecting","timestamp":"2026-03-23T18:39:54.599Z"}
{"error":"","level":"error","message":"Redis client error","timestamp":"2026-03-23T18:39:54.601Z"}
{"level":"warn","message":"Redis client reconnecting","timestamp":"2026-03-23T18:39:59.609Z"}
{"error":"","level":"error","message":"Redis client error","timestamp":"2026-03-23T18:39:59.612Z"}
{"level":"warn","message":"Redis client reconnecting","timestamp":"2026-03-23T18:40:04.628Z"}
{"error":"","level":"error","message":"Redis client error","timestamp":"2026-03-23T18:40:04.631Z"}
{"level":"warn","message":"Redis client reconnecting","timestamp":"2026-03-23T18:40:09.646Z"}
{"error":"","level":"error","message":"Redis client error","timestamp":"2026-03-23T18:40:09.649Z"}
{"level":"warn","message":"Redis client reconnecting","timestamp":"2026-03-23T18:40:14.659Z"}
{"error":"","level":"error","message":"Redis client error","timestamp":"2026-03-23T18:40:14.662Z"}
{"level":"warn","message":"Redis client reconnecting","timestamp":"2026-03-23T18:40:19.664Z"}
{"error":"","level":"error","message":"Redis client error","timestamp":"2026-03-23T18:40:19.667Z"}
{"level":"warn","message":"Redis client reconnecting","timestamp":"2026-03-23T18:40:24.679Z"}
{"error":"","level":"error","message":"Redis client error","timestamp":"2026-03-23T18:40:24.681Z"}
{"level":"warn","message":"Redis client reconnecting","timestamp":"2026-03-23T18:40:29.695Z"}
{"error":"","level":"error","message":"Redis client error","timestamp":"2026-03-23T18:40:29.698Z"}
{"level":"warn","message":"Redis client reconnecting","timestamp":"2026-03-23T18:40:34.701Z"}
{"error":"","level":"error","message":"Redis client error","timestamp":"2026-03-23T18:40:34.703Z"}
{"level":"warn","message":"Redis client reconnecting","timestamp":"2026-03-23T18:40:39.718Z"}
{"error":"","level":"error","message":"Redis client error","timestamp":"2026-03-23T18:40:39.721Z"}
{"level":"warn","message":"Redis client reconnecting","timestamp":"2026-03-23T18:40:44.735Z"}
{"error":"","level":"error","message":"Redis client error","timestamp":"2026-03-23T18:40:44.737Z"}
{"level":"warn","message":"Redis client reconnecting","timestamp":"2026-03-23T18:40:49.745Z"}
{"error":"","level":"error","message":"Redis client error","timestamp":"2026-03-23T18:40:49.747Z"}
{"level":"warn","message":"Redis client reconnecting","timestamp":"2026-03-23T18:40:54.747Z"}
{"error":"","level":"error","message":"Redis client error","timestamp":"2026-03-23T18:40:54.750Z"}
{"level":"warn","message":"Redis client reconnecting","timestamp":"2026-03-23T18:40:59.760Z"}
{"error":"","level":"error","message":"Redis client error","timestamp":"2026-03-23T18:40:59.762Z"}
{"level":"warn","message":"Redis client reconnecting","timestamp":"2026-03-23T18:41:04.766Z"}
{"error":"","level":"error","message":"Redis client error","timestamp":"2026-03-23T18:41:04.769Z"}
{"level":"warn","message":"Redis client reconnecting","timestamp":"2026-03-23T18:41:09.780Z"}
{"error":"","level":"error","message":"Redis client error","timestamp":"2026-03-23T18:41:09.783Z"}
{"level":"warn","message":"Redis client reconnecting","timestamp":"2026-03-23T18:41:14.791Z"}
{"error":"","level":"error","message":"Redis client error","timestamp":"2026-03-23T18:41:14.795Z"}
{"level":"warn","message":"Redis client reconnecting","timestamp":"2026-03-23T18:41:19.799Z"}
{"error":"","level":"error","message":"Redis client error","timestamp":"2026-03-23T18:41:19.802Z"}
{"level":"warn","message":"Redis client reconnecting","timestamp":"2026-03-23T18:41:24.804Z"}
{"error":"","level":"error","message":"Redis client error","timestamp":"2026-03-23T18:41:24.806Z"}
{"level":"warn","message":"Redis client reconnecting","timestamp":"2026-03-23T18:41:29.811Z"}
{"error":"","level":"error","message":"Redis client error","timestamp":"2026-03-23T18:41:29.814Z"}
{"level":"warn","message":"Redis client reconnecting","timestamp":"2026-03-23T18:41:34.815Z"}
{"error":"","level":"error","message":"Redis client error","timestamp":"2026-03-23T18:41:34.817Z"}
{"level":"warn","message":"Redis client reconnecting","timestamp":"2026-03-23T18:41:39.832Z"}
{"error":"","level":"error","message":"Redis client error","timestamp":"2026-03-23T18:41:39.835Z"}
{"level":"warn","message":"Redis client reconnecting","timestamp":"2026-03-23T18:41:44.841Z"}
{"error":"","level":"error","message":"Redis client error","timestamp":"2026-03-23T18:41:44.843Z"}
{"level":"warn","message":"Redis client reconnecting","timestamp":"2026-03-23T18:41:49.844Z"}
{"error":"","level":"error","message":"Redis client error","timestamp":"2026-03-23T18:41:49.846Z"}
{"level":"warn","message":"Redis client reconnecting","timestamp":"2026-03-23T18:41:54.847Z"}
{"error":"","level":"error","message":"Redis client error","timestamp":"2026-03-23T18:41:54.849Z"}
{"level":"warn","message":"Redis client reconnecting","timestamp":"2026-03-23T18:41:59.851Z"}
{"error":"","level":"error","message":"Redis client error","timestamp":"2026-03-23T18:41:59.853Z"}
{"level":"warn","message":"Redis client reconnecting","timestamp":"2026-03-23T18:42:04.862Z"}
{"error":"","level":"error","message":"Redis client error","timestamp":"2026-03-23T18:42:04.865Z"}
{"level":"warn","message":"Redis client reconnecting","timestamp":"2026-03-23T18:42:09.875Z"}
{"error":"","level":"error","message":"Redis client error","timestamp":"2026-03-23T18:42:09.877Z"}
{"level":"warn","message":"Redis client reconnecting","timestamp":"2026-03-23T18:42:14.883Z"}
{"error":"","level":"error","message":"Redis client error","timestamp":"2026-03-23T18:42:14.886Z"}
{"level":"warn","message":"Redis client reconnecting","timestamp":"2026-03-23T18:42:19.895Z"}
{"error":"","level":"error","message":"Redis client error","timestamp":"2026-03-23T18:42:19.898Z"}
{"level":"warn","message":"Redis client reconnecting","timestamp":"2026-03-23T18:42:24.905Z"}
{"error":"","level":"error","message":"Redis client error","timestamp":"2026-03-23T18:42:24.908Z"}
{"level":"warn","message":"Redis client reconnecting","timestamp":"2026-03-23T18:42:29.919Z"}
{"error":"","level":"error","message":"Redis client error","timestamp":"2026-03-23T18:42:29.921Z"}
{"level":"warn","message":"Redis client reconnecting","timestamp":"2026-03-23T18:42:34.935Z"}
{"error":"","level":"error","message":"Redis client error","timestamp":"2026-03-23T18:42:34.937Z"}
{"level":"warn","message":"Redis client reconnecting","timestamp":"2026-03-23T18:42:39.945Z"}
{"error":"","level":"error","message":"Redis client error","timestamp":"2026-03-23T18:42:39.947Z"}
{"level":"warn","message":"Redis client reconnecting","timestamp":"2026-03-23T18:42:44.948Z"}
{"error":"","level":"error","message":"Redis client error","timestamp":"2026-03-23T18:42:44.950Z"}
{"level":"warn","message":"Redis client reconnecting","timestamp":"2026-03-23T18:42:49.959Z"}
{"error":"","level":"error","message":"Redis client error","timestamp":"2026-03-23T18:42:49.962Z"}
{"level":"warn","message":"Redis client reconnecting","timestamp":"2026-03-23T18:42:54.974Z"}
{"error":"","level":"error","message":"Redis client error","timestamp":"2026-03-23T18:42:54.977Z"}
{"level":"warn","message":"Redis client reconnecting","timestamp":"2026-03-23T18:42:59.981Z"}
{"error":"","level":"error","message":"Redis client error","timestamp":"2026-03-23T18:42:59.983Z"}
{"level":"warn","message":"Redis client reconnecting","timestamp":"2026-03-23T18:43:04.989Z"}
{"error":"","level":"error","message":"Redis client error","timestamp":"2026-03-23T18:43:04.991Z"}
{"level":"warn","message":"Redis client reconnecting","timestamp":"2026-03-23T18:43:10.004Z"}
{"error":"","level":"error","message":"Redis client error","timestamp":"2026-03-23T18:43:10.007Z"}
{"level":"warn","message":"Redis client reconnecting","timestamp":"2026-03-23T18:43:15.019Z"}
{"error":"","level":"error","message":"Redis client error","timestamp":"2026-03-23T18:43:15.022Z"}
{"level":"warn","message":"Redis client reconnecting","timestamp":"2026-03-23T18:43:20.033Z"}
{"error":"","level":"error","message":"Redis client error","timestamp":"2026-03-23T18:43:20.035Z"}
{"level":"warn","message":"Redis client reconnecting","timestamp":"2026-03-23T18:43:25.050Z"}
{"error":"","level":"error","message":"Redis client error","timestamp":"2026-03-23T18:43:25.053Z"}
{"level":"warn","message":"Redis client reconnecting","timestamp":"2026-03-23T18:43:30.053Z"}
{"error":"","level":"error","message":"Redis client error","timestamp":"2026-03-23T18:43:30.056Z"}
{"level":"warn","message":"Redis client reconnecting","timestamp":"2026-03-23T18:43:35.066Z"}
{"error":"","level":"error","message":"Redis client error","timestamp":"2026-03-23T18:43:35.069Z"}
{"level":"warn","message":"Redis client reconnecting","timestamp":"2026-03-23T18:43:40.076Z"}
{"error":"","level":"error","message":"Redis client error","timestamp":"2026-03-23T18:43:40.078Z"}
{"level":"warn","message":"Redis client reconnecting","timestamp":"2026-03-23T18:43:45.092Z"}
{"error":"","level":"error","message":"Redis client error","timestamp":"2026-03-23T18:43:45.094Z"}
{"level":"warn","message":"Redis client reconnecting","timestamp":"2026-03-23T18:43:50.107Z"}
{"error":"","level":"error","message":"Redis client error","timestamp":"2026-03-23T18:43:50.110Z"}
{"level":"warn","message":"Redis client reconnecting","timestamp":"2026-03-23T18:43:55.124Z"}
{"error":"","level":"error","message":"Redis client error","timestamp":"2026-03-23T18:43:55.127Z"}
{"level":"warn","message":"Redis client reconnecting","timestamp":"2026-03-23T18:44:00.136Z"}
{"error":"","level":"error","message":"Redis client error","timestamp":"2026-03-23T18:44:00.140Z"}
{"level":"warn","message":"Redis client reconnecting","timestamp":"2026-03-23T18:44:05.150Z"}
{"error":"","level":"error","message":"Redis client error","timestamp":"2026-03-23T18:44:05.153Z"}
{"level":"warn","message":"Redis client reconnecting","timestamp":"2026-03-23T18:44:10.154Z"}
{"error":"","level":"error","message":"Redis client error","timestamp":"2026-03-23T18:44:10.157Z"}
{"level":"warn","message":"Redis client reconnecting","timestamp":"2026-03-23T18:44:15.165Z"}
{"error":"","level":"error","message":"Redis client error","timestamp":"2026-03-23T18:44:15.167Z"}
{"level":"warn","message":"Redis client reconnecting","timestamp":"2026-03-23T18:44:20.179Z"}
{"error":"","level":"error","message":"Redis client error","timestamp":"2026-03-23T18:44:20.182Z"}
{"level":"warn","message":"Redis client reconnecting","timestamp":"2026-03-23T18:44:25.190Z"}
{"error":"","level":"error","message":"Redis client error","timestamp":"2026-03-23T18:44:25.192Z"}
{"level":"warn","message":"Redis client reconnecting","timestamp":"2026-03-23T18:44:30.199Z"}
{"error":"","level":"error","message":"Redis client error","timestamp":"2026-03-23T18:44:30.201Z"}
{"level":"warn","message":"Redis client reconnecting","timestamp":"2026-03-23T18:44:35.213Z"}
{"error":"","level":"error","message":"Redis client error","timestamp":"2026-03-23T18:44:35.216Z"}
{"level":"warn","message":"Redis client reconnecting","timestamp":"2026-03-23T18:44:40.229Z"}
{"error":"","level":"error","message":"Redis client error","timestamp":"2026-03-23T18:44:40.233Z"}
{"level":"warn","message":"Redis client reconnecting","timestamp":"2026-03-23T18:44:45.243Z"}
{"error":"","level":"error","message":"Redis client error","timestamp":"2026-03-23T18:44:45.246Z"}
{"level":"warn","message":"Redis client reconnecting","timestamp":"2026-03-23T18:44:50.258Z"}
{"error":"","level":"error","message":"Redis client error","timestamp":"2026-03-23T18:44:50.260Z"}
{"level":"warn","message":"Redis client reconnecting","timestamp":"2026-03-23T18:44:55.272Z"}
{"error":"","level":"error","message":"Redis client error","timestamp":"2026-03-23T18:44:55.274Z"}
{"level":"warn","message":"Redis client reconnecting","timestamp":"2026-03-23T18:45:00.280Z"}
{"error":"","level":"error","message":"Redis client error","timestamp":"2026-03-23T18:45:00.283Z"}
{"level":"warn","message":"Redis client reconnecting","timestamp":"2026-03-23T18:45:05.289Z"}
{"error":"","level":"error","message":"Redis client error","timestamp":"2026-03-23T18:45:05.291Z"}
{"level":"warn","message":"Redis client reconnecting","timestamp":"2026-03-23T18:45:10.304Z"}
{"error":"","level":"error","message":"Redis client error","timestamp":"2026-03-23T18:45:10.307Z"}
{"level":"warn","message":"Redis client reconnecting","timestamp":"2026-03-23T18:45:15.308Z"}
{"error":"","level":"error","message":"Redis client error","timestamp":"2026-03-23T18:45:15.310Z"}
{"level":"warn","message":"Redis client reconnecting","timestamp":"2026-03-23T18:45:20.320Z"}
{"error":"","level":"error","message":"Redis client error","timestamp":"2026-03-23T18:45:20.323Z"}
{"level":"warn","message":"Redis client reconnecting","timestamp":"2026-03-23T18:45:25.325Z"}
{"error":"","level":"error","message":"Redis client error","timestamp":"2026-03-23T18:45:25.328Z"}
{"level":"warn","message":"Redis client reconnecting","timestamp":"2026-03-23T18:45:30.329Z"}
{"error":"","level":"error","message":"Redis client error","timestamp":"2026-03-23T18:45:30.343Z"}
{"level":"warn","message":"Redis client reconnecting","timestamp":"2026-03-23T18:45:35.351Z"}
{"error":"","level":"error","message":"Redis client error","timestamp":"2026-03-23T18:45:35.354Z"}
{"level":"warn","message":"Redis client reconnecting","timestamp":"2026-03-23T18:45:40.355Z"}
{"error":"","level":"error","message":"Redis client error","timestamp":"2026-03-23T18:45:40.357Z"}
{"level":"warn","message":"Redis client reconnecting","timestamp":"2026-03-23T18:45:45.368Z"}
{"error":"","level":"error","message":"Redis client error","timestamp":"2026-03-23T18:45:45.371Z"}
{"level":"warn","message":"Redis client reconnecting","timestamp":"2026-03-23T18:45:50.383Z"}
{"error":"","level":"error","message":"Redis client error","timestamp":"2026-03-23T18:45:50.386Z"}
{"level":"warn","message":"Redis client reconnecting","timestamp":"2026-03-23T18:45:55.393Z"}
{"error":"","level":"error","message":"Redis client error","timestamp":"2026-03-23T18:45:55.397Z"}
{"level":"warn","message":"Redis client reconnecting","timestamp":"2026-03-23T18:46:00.410Z"}
{"error":"","level":"error","message":"Redis client error","timestamp":"2026-03-23T18:46:00.413Z"}
{"level":"warn","message":"Redis client reconnecting","timestamp":"2026-03-23T18:46:05.414Z"}
{"error":"","level":"error","message":"Redis client error","timestamp":"2026-03-23T18:46:05.417Z"}
{"level":"warn","message":"Redis client reconnecting","timestamp":"2026-03-23T18:46:10.430Z"}
{"error":"","level":"error","message":"Redis client error","timestamp":"2026-03-23T18:46:10.433Z"}
{"level":"warn","message":"Redis client reconnecting","timestamp":"2026-03-23T18:46:15.447Z"}
{"error":"","level":"error","message":"Redis client error","timestamp":"2026-03-23T18:46:15.450Z"}
{"level":"warn","message":"Redis client reconnecting","timestamp":"2026-03-23T18:46:20.464Z"}
{"error":"","level":"error","message":"Redis client error","timestamp":"2026-03-23T18:46:20.470Z"}
{"level":"warn","message":"Redis client reconnecting","timestamp":"2026-03-23T18:46:25.479Z"}
{"error":"","level":"error","message":"Redis client error","timestamp":"2026-03-23T18:46:25.482Z"}
{"level":"warn","message":"Redis client reconnecting","timestamp":"2026-03-23T18:46:30.490Z"}
{"error":"","level":"error","message":"Redis client error","timestamp":"2026-03-23T18:46:30.493Z"}
{"level":"warn","message":"Redis client reconnecting","timestamp":"2026-03-23T18:46:35.504Z"}
{"error":"","level":"error","message":"Redis client error","timestamp":"2026-03-23T18:46:35.507Z"}
{"level":"warn","message":"Redis client reconnecting","timestamp":"2026-03-23T18:46:40.509Z"}
{"error":"","level":"error","message":"Redis client error","timestamp":"2026-03-23T18:46:40.512Z"}
{"level":"warn","message":"Redis client reconnecting","timestamp":"2026-03-23T18:46:45.524Z"}
{"error":"","level":"error","message":"Redis client error","timestamp":"2026-03-23T18:46:45.526Z"}
{"level":"warn","message":"Redis client reconnecting","timestamp":"2026-03-23T18:46:50.535Z"}
{"error":"","level":"error","message":"Redis client error","timestamp":"2026-03-23T18:46:50.538Z"}
{"dbName":"SaaS","level":"info","message":"Connected to MongoDB","timestamp":"2026-03-23T18:47:08.455Z"}
{"level":"info","message":"Server listening on port 4005","timestamp":"2026-03-23T18:47:08.478Z"}
{"level":"info","message":"Invoice scheduler started (leader-locked, queues reminder jobs daily at midnight)","timestamp":"2026-03-23T18:47:08.552Z"}
{"error":"","level":"error","message":"Redis client error","timestamp":"2026-03-23T18:47:08.560Z"}
{"level":"warn","message":"Redis client reconnecting","timestamp":"2026-03-23T18:47:08.662Z"}
{"error":"","level":"error","message":"Redis client error","timestamp":"2026-03-23T18:47:08.665Z"}
{"level":"warn","message":"Redis client reconnecting","timestamp":"2026-03-23T18:47:08.874Z"}
{"error":"","level":"error","message":"Redis client error","timestamp":"2026-03-23T18:47:08.877Z"}
{"level":"warn","message":"Redis client reconnecting","timestamp":"2026-03-23T18:47:09.281Z"}
{"error":"","level":"error","message":"Redis client error","timestamp":"2026-03-23T18:47:09.284Z"}
{"level":"warn","message":"Redis client reconnecting","timestamp":"2026-03-23T18:47:10.098Z"}
{"error":"","level":"error","message":"Redis client error","timestamp":"2026-03-23T18:47:10.100Z"}
{"level":"warn","message":"Redis client reconnecting","timestamp":"2026-03-23T18:47:11.706Z"}
{"error":"","level":"error","message":"Redis client error","timestamp":"2026-03-23T18:47:11.708Z"}
{"level":"warn","message":"Redis client reconnecting","timestamp":"2026-03-23T18:47:14.922Z"}
{"error":"","level":"error","message":"Redis client error","timestamp":"2026-03-23T18:47:14.927Z"}
{"level":"warn","message":"Redis client reconnecting","timestamp":"2026-03-23T18:47:19.931Z"}
{"error":"","level":"error","message":"Redis client error","timestamp":"2026-03-23T18:47:19.934Z"}
{"level":"warn","message":"Redis client reconnecting","timestamp":"2026-03-23T18:47:24.946Z"}
{"error":"","level":"error","message":"Redis client error","timestamp":"2026-03-23T18:47:24.957Z"}
{"level":"warn","message":"Redis client reconnecting","timestamp":"2026-03-23T18:47:29.964Z"}
{"error":"","level":"error","message":"Redis client error","timestamp":"2026-03-23T18:47:29.967Z"}
{"level":"warn","message":"Redis client reconnecting","timestamp":"2026-03-23T18:47:34.979Z"}
{"error":"","level":"error","message":"Redis client error","timestamp":"2026-03-23T18:47:34.984Z"}
{"level":"warn","message":"Redis client reconnecting","timestamp":"2026-03-23T18:47:39.989Z"}
{"error":"","level":"error","message":"Redis client error","timestamp":"2026-03-23T18:47:39.993Z"}
{"level":"warn","message":"Redis client reconnecting","timestamp":"2026-03-23T18:47:44.995Z"}
{"error":"","level":"error","message":"Redis client error","timestamp":"2026-03-23T18:47:44.997Z"}
{"level":"warn","message":"Redis client reconnecting","timestamp":"2026-03-23T18:47:49.998Z"}
{"error":"","level":"error","message":"Redis client error","timestamp":"2026-03-23T18:47:50.001Z"}
{"level":"warn","message":"Redis client reconnecting","timestamp":"2026-03-23T18:47:55.015Z"}
{"error":"","level":"error","message":"Redis client error","timestamp":"2026-03-23T18:47:55.017Z"}
{"level":"warn","message":"Redis client reconnecting","timestamp":"2026-03-23T18:48:00.027Z"}
{"error":"","level":"error","message":"Redis client error","timestamp":"2026-03-23T18:48:00.030Z"}
{"level":"warn","message":"Redis client reconnecting","timestamp":"2026-03-23T18:48:05.040Z"}
{"error":"","level":"error","message":"Redis client error","timestamp":"2026-03-23T18:48:05.042Z"}
{"level":"warn","message":"Redis client reconnecting","timestamp":"2026-03-23T18:48:10.055Z"}
{"error":"","level":"error","message":"Redis client error","timestamp":"2026-03-23T18:48:10.058Z"}
{"level":"warn","message":"Redis client reconnecting","timestamp":"2026-03-23T18:48:15.065Z"}
{"error":"","level":"error","message":"Redis client error","timestamp":"2026-03-23T18:48:15.067Z"}
{"level":"info","message":"Received SIGINT, shutting down gracefully","timestamp":"2026-03-23T18:48:19.004Z"}
{"dbName":"SaaS","level":"info","message":"Connected to MongoDB","timestamp":"2026-03-23T18:58:26.989Z"}
{"level":"info","message":"Server listening on port 4005","timestamp":"2026-03-23T18:58:27.024Z"}
{"level":"info","message":"Invoice scheduler started (leader-locked, queues reminder jobs daily at midnight)","timestamp":"2026-03-23T18:58:27.127Z"}
{"error":"","level":"error","message":"Redis client error","timestamp":"2026-03-23T18:58:27.143Z"}
{"level":"warn","message":"Redis client reconnecting","timestamp":"2026-03-23T18:58:27.244Z"}
{"error":"","level":"error","message":"Redis client error","timestamp":"2026-03-23T18:58:27.249Z"}
{"level":"warn","message":"Redis client reconnecting","timestamp":"2026-03-23T18:58:27.457Z"}
{"error":"","level":"error","message":"Redis client error","timestamp":"2026-03-23T18:58:27.462Z"}
{"level":"warn","message":"Redis client reconnecting","timestamp":"2026-03-23T18:58:27.866Z"}
{"error":"","level":"error","message":"Redis client error","timestamp":"2026-03-23T18:58:27.927Z"}
{"level":"warn","message":"Redis client reconnecting","timestamp":"2026-03-23T18:58:28.767Z"}
{"error":"","level":"error","message":"Redis client error","timestamp":"2026-03-23T18:58:28.774Z"}
{"level":"warn","message":"Redis client reconnecting","timestamp":"2026-03-23T18:58:30.379Z"}
{"error":"","level":"error","message":"Redis client error","timestamp":"2026-03-23T18:58:30.384Z"}
{"level":"warn","message":"Redis client reconnecting","timestamp":"2026-03-23T18:58:33.593Z"}
{"error":"","level":"error","message":"Redis client error","timestamp":"2026-03-23T18:58:33.598Z"}
{"dbName":"SaaS","level":"info","message":"Connected to MongoDB","timestamp":"2026-03-23T19:02:39.456Z"}
{"level":"info","message":"Server listening on port 4005","timestamp":"2026-03-23T19:02:39.476Z"}
{"level":"info","message":"Invoice scheduler started (leader-locked, queues reminder jobs daily at midnight)","timestamp":"2026-03-23T19:02:39.557Z"}
{"level":"info","message":"Redis socket connecting","timestamp":"2026-03-23T19:02:39.564Z"}
{"level":"info","message":"Redis client ready","timestamp":"2026-03-23T19:02:39.589Z"}
{"dbName":"SaaS","level":"info","message":"Connected to MongoDB","timestamp":"2026-03-23T19:04:49.845Z"}
{"level":"info","message":"Server listening on port 4005","timestamp":"2026-03-23T19:04:49.861Z"}
{"level":"info","message":"Invoice scheduler started (leader-locked, queues reminder jobs daily at midnight)","timestamp":"2026-03-23T19:04:49.888Z"}
{"level":"info","message":"Redis socket connecting","timestamp":"2026-03-23T19:04:49.898Z"}
{"level":"info","message":"Redis client ready","timestamp":"2026-03-23T19:04:49.902Z"}
{"commandName":"PING","error":"NOAUTH Authentication required.","failureCount":1,"level":"warn","message":"Redis command failed","timestamp":"2026-03-23T19:05:31.249Z"}
{"commandName":"INFO","error":"NOAUTH Authentication required.","failureCount":2,"level":"warn","message":"Redis command failed","timestamp":"2026-03-23T19:05:31.252Z"}
{"level":"http","message":"::1 - - [23/Mar/2026:19:05:31 +0000] \"GET /health/redis HTTP/1.1\" 503 195 \"-\" \"Mozilla/5.0 (Windows NT; Windows NT 10.0; en-IN) WindowsPowerShell/5.1.26100.7920\"","timestamp":"2026-03-23T19:05:31.259Z"}
{"dbName":"SaaS","level":"info","message":"Connected to MongoDB","timestamp":"2026-03-23T19:08:06.310Z"}
{"level":"info","message":"Server listening on port 4005","timestamp":"2026-03-23T19:08:06.327Z"}
{"level":"info","message":"Invoice scheduler started (leader-locked, queues reminder jobs daily at midnight)","timestamp":"2026-03-23T19:08:06.351Z"}
{"level":"info","message":"Redis socket connecting","timestamp":"2026-03-23T19:08:06.358Z"}
{"level":"info","message":"Redis client ready","timestamp":"2026-03-23T19:08:06.366Z"}
{"level":"http","message":"::1 - - [23/Mar/2026:19:09:46 +0000] \"GET /health/redis HTTP/1.1\" 200 430 \"-\" \"Mozilla/5.0 (Windows NT; Windows NT 10.0; en-IN) WindowsPowerShell/5.1.26100.7920\"","timestamp":"2026-03-23T19:09:46.004Z"}
{"dbName":"SaaS","level":"info","message":"Connected to MongoDB","timestamp":"2026-03-23T19:10:16.843Z"}
{"dbName":"SaaS","level":"info","message":"Connected to MongoDB","timestamp":"2026-03-23T19:10:36.325Z"}
{"level":"info","message":"Server listening on port 4005","timestamp":"2026-03-23T19:10:36.341Z"}
{"level":"info","message":"Invoice scheduler started (leader-locked, queues reminder jobs daily at midnight)","timestamp":"2026-03-23T19:10:36.368Z"}
{"level":"info","message":"Redis socket connecting","timestamp":"2026-03-23T19:10:36.375Z"}
{"level":"info","message":"Redis client ready","timestamp":"2026-03-23T19:10:36.382Z"}
{"dbName":"SaaS","level":"info","message":"Connected to MongoDB","timestamp":"2026-03-23T19:23:44.041Z"}
{"level":"info","message":"Server listening on port 4005","timestamp":"2026-03-23T19:23:44.064Z"}
{"level":"info","message":"Invoice scheduler started (leader-locked, queues reminder jobs daily at midnight)","timestamp":"2026-03-23T19:23:44.093Z"}
{"level":"info","message":"Redis socket connecting","timestamp":"2026-03-23T19:23:44.100Z"}
{"level":"info","message":"Redis client ready","timestamp":"2026-03-23T19:23:44.119Z"}
